Traceback (most recent call last):
  File "/usr/lib/python3/dist-packages/pkg_resources/__init__.py", line 2360, in _normalize_cached
    return _cache[filename]
KeyError: '/home/thogms/ros2_ws/install/projet_pkg/lib/python3.10/site-packages'

During handling of the above exception, another exception occurred:

Traceback (most recent call last):
  File "/home/thogms/ros2_ws/src/projet_pkg/setup.py", line 1, in <module>
    from setuptools import find_packages, setup
  File "/usr/lib/python3/dist-packages/setuptools/__init__.py", line 16, in <module>
    import setuptools.version
  File "/usr/lib/python3/dist-packages/setuptools/version.py", line 1, in <module>
    import pkg_resources
  File "/usr/lib/python3/dist-packages/pkg_resources/__init__.py", line 3267, in <module>
    def _initialize_master_working_set():
  File "/usr/lib/python3/dist-packages/pkg_resources/__init__.py", line 3241, in _call_aside
    f(*args, **kwargs)
  File "/usr/lib/python3/dist-packages/pkg_resources/__init__.py", line 3279, in _initialize_master_working_set
    working_set = WorkingSet._build_master()
  File "/usr/lib/python3/dist-packages/pkg_resources/__init__.py", line 564, in _build_master
    ws = cls()
  File "/usr/lib/python3/dist-packages/pkg_resources/__init__.py", line 557, in __init__
    self.add_entry(entry)
  File "/usr/lib/python3/dist-packages/pkg_resources/__init__.py", line 613, in add_entry
    for dist in find_distributions(entry, True):
  File "/usr/lib/python3/dist-packages/pkg_resources/__init__.py", line 2048, in find_on_path
    path_item = _normalize_cached(path_item)
  File "/usr/lib/python3/dist-packages/pkg_resources/__init__.py", line 2362, in _normalize_cached
    _cache[filename] = result = normalize_path(filename)
  File "/usr/lib/python3/dist-packages/pkg_resources/__init__.py", line 2343, in normalize_path
    return os.path.normcase(os.path.realpath(os.path.normpath(
  File "/usr/lib/python3.10/posixpath.py", line 396, in realpath
    path, ok = _joinrealpath(filename[:0], filename, strict, {})
  File "/usr/lib/python3.10/posixpath.py", line 431, in _joinrealpath
    st = os.lstat(newpath)
KeyboardInterrupt
